Company,Year,Issue,Description
ADANIENSOL,Mar 2015,High Debt,Debt/Equity > 5
ADANIENSOL,Mar 2015,Negative ROE,ROE below zero
ADANIGREEN,Mar 2017,Negative ROE,ROE below zero
ADANIGREEN,Mar 2018,High Debt,Debt/Equity > 5
ADANIGREEN,Mar 2018,Negative ROE,ROE below zero
ADANIGREEN,Mar 2019,High Debt,Debt/Equity > 5
ADANIGREEN,Mar 2019,Negative ROE,ROE below zero
ADANIGREEN,Mar 2020,High Debt,Debt/Equity > 5
ADANIGREEN,Mar 2020,Negative ROE,ROE below zero
ADANIGREEN,Mar 2021,High Debt,Debt/Equity > 5
ADANIGREEN,Mar 2022,High Debt,Debt/Equity > 5
ADANIGREEN,Mar 2023,High Debt,Debt/Equity > 5
ADANIGREEN,Mar 2024,High Debt,Debt/Equity > 5
ADANIPOWER,Mar 2013,High Debt,Debt/Equity > 5
ADANIPOWER,Mar 2013,Negative ROE,ROE below zero
ADANIPOWER,Mar 2014,High Debt,Debt/Equity > 5
ADANIPOWER,Mar 2014,Negative ROE,ROE below zero
ADANIPOWER,Mar 2015,High Debt,Debt/Equity > 5
ADANIPOWER,Mar 2015,Negative ROE,ROE below zero
ADANIPOWER,Mar 2016,High Debt,Debt/Equity > 5
ADANIPOWER,Mar 2017,High Debt,Debt/Equity > 5
ADANIPOWER,Mar 2017,Negative ROE,ROE below zero
ADANIPOWER,Mar 2018,High Debt,Debt/Equity > 5
ADANIPOWER,Mar 2018,Negative ROE,ROE below zero
ADANIPOWER,Mar 2019,High Debt,Debt/Equity > 5
ADANIPOWER,Mar 2019,Negative ROE,ROE below zero
ADANIPOWER,Mar 2020,High Debt,Debt/Equity > 5
ADANIPOWER,Mar 2020,Negative ROE,ROE below zero
AXISBANK,Mar 2013,Financial Sector,ROCE benchmark skipped
AXISBANK,Mar 2013,High Debt,Debt/Equity > 5
AXISBANK,Mar 2014,Financial Sector,ROCE benchmark skipped
AXISBANK,Mar 2014,High Debt,Debt/Equity > 5
AXISBANK,Mar 2015,Financial Sector,ROCE benchmark skipped
AXISBANK,Mar 2015,High Debt,Debt/Equity > 5
AXISBANK,Mar 2016,Financial Sector,ROCE benchmark skipped
AXISBANK,Mar 2016,High Debt,Debt/Equity > 5
AXISBANK,Mar 2017,Financial Sector,ROCE benchmark skipped
AXISBANK,Mar 2017,High Debt,Debt/Equity > 5
AXISBANK,Mar 2018,Financial Sector,ROCE benchmark skipped
AXISBANK,Mar 2018,High Debt,Debt/Equity > 5
AXISBANK,Mar 2019,Financial Sector,ROCE benchmark skipped
AXISBANK,Mar 2019,High Debt,Debt/Equity > 5
AXISBANK,Mar 2020,Financial Sector,ROCE benchmark skipped
AXISBANK,Mar 2020,High Debt,Debt/Equity > 5
AXISBANK,Mar 2021,Financial Sector,ROCE benchmark skipped
AXISBANK,Mar 2021,High Debt,Debt/Equity > 5
AXISBANK,Mar 2022,Financial Sector,ROCE benchmark skipped
AXISBANK,Mar 2022,High Debt,Debt/Equity > 5
AXISBANK,Mar 2023,Financial Sector,ROCE benchmark skipped
AXISBANK,Mar 2023,High Debt,Debt/Equity > 5
AXISBANK,Mar 2024,Financial Sector,ROCE benchmark skipped
AXISBANK,Mar 2024,High Debt,Debt/Equity > 5
AXISBANK,TTM,Financial Sector,ROCE benchmark skipped
BAJAJFINSV,Mar 2013,Financial Sector,ROCE benchmark skipped
BAJAJFINSV,Mar 2014,Financial Sector,ROCE benchmark skipped
BAJAJFINSV,Mar 2015,Financial Sector,ROCE benchmark skipped
BAJAJFINSV,Mar 2016,Financial Sector,ROCE benchmark skipped
BAJAJFINSV,Mar 2017,Financial Sector,ROCE benchmark skipped
BAJAJFINSV,Mar 2018,Financial Sector,ROCE benchmark skipped
BAJAJFINSV,Mar 2019,Financial Sector,ROCE benchmark skipped
BAJAJFINSV,Mar 2020,Financial Sector,ROCE benchmark skipped
BAJAJFINSV,Mar 2021,Financial Sector,ROCE benchmark skipped
BAJAJFINSV,Mar 2022,Financial Sector,ROCE benchmark skipped
BAJAJFINSV,Mar 2023,Financial Sector,ROCE benchmark skipped
BAJAJFINSV,Mar 2024,Financial Sector,ROCE benchmark skipped
BAJAJFINSV,TTM,Financial Sector,ROCE benchmark skipped
BAJAJHLDNG,Mar 2013,Financial Sector,ROCE benchmark skipped
BAJAJHLDNG,Mar 2014,Financial Sector,ROCE benchmark skipped
BAJAJHLDNG,Mar 2015,Financial Sector,ROCE benchmark skipped
BAJAJHLDNG,Mar 2016,Financial Sector,ROCE benchmark skipped
BAJAJHLDNG,Mar 2017,Financial Sector,ROCE benchmark skipped
BAJAJHLDNG,Mar 2018,Financial Sector,ROCE benchmark skipped
BAJAJHLDNG,Mar 2019,Financial Sector,ROCE benchmark skipped
BAJAJHLDNG,Mar 2020,Financial Sector,ROCE benchmark skipped
BAJAJHLDNG,Mar 2021,Financial Sector,ROCE benchmark skipped
BAJAJHLDNG,Mar 2022,Financial Sector,ROCE benchmark skipped
BAJAJHLDNG,Mar 2023,Financial Sector,ROCE benchmark skipped
BAJAJHLDNG,Mar 2024,Financial Sector,ROCE benchmark skipped
BAJAJHLDNG,TTM,Financial Sector,ROCE benchmark skipped
BAJFINANCE,Mar 2015,Financial Sector,ROCE benchmark skipped
BAJFINANCE,Mar 2015,High Debt,Debt/Equity > 5
BAJFINANCE,Mar 2016,Financial Sector,ROCE benchmark skipped
BAJFINANCE,Mar 2017,Financial Sector,ROCE benchmark skipped
BAJFINANCE,Mar 2017,High Debt,Debt/Equity > 5
BAJFINANCE,Mar 2018,Financial Sector,ROCE benchmark skipped
BAJFINANCE,Mar 2019,Financial Sector,ROCE benchmark skipped
BAJFINANCE,Mar 2019,High Debt,Debt/Equity > 5
BAJFINANCE,Mar 2020,Financial Sector,ROCE benchmark skipped
BAJFINANCE,Mar 2021,Financial Sector,ROCE benchmark skipped
BAJFINANCE,Mar 2022,Financial Sector,ROCE benchmark skipped
BAJFINANCE,Mar 2023,Financial Sector,ROCE benchmark skipped
BAJFINANCE,Mar 2024,Financial Sector,ROCE benchmark skipped
BAJFINANCE,TTM,Financial Sector,ROCE benchmark skipped
BANKBARODA,Mar 2013,Financial Sector,ROCE benchmark skipped
BANKBARODA,Mar 2013,High Debt,Debt/Equity > 5
BANKBARODA,Mar 2014,Financial Sector,ROCE benchmark skipped
BANKBARODA,Mar 2014,High Debt,Debt/Equity > 5
BANKBARODA,Mar 2015,Financial Sector,ROCE benchmark skipped
BANKBARODA,Mar 2015,High Debt,Debt/Equity > 5
BANKBARODA,Mar 2016,Financial Sector,ROCE benchmark skipped
BANKBARODA,Mar 2016,High Debt,Debt/Equity > 5
BANKBARODA,Mar 2016,Negative ROE,ROE below zero
BANKBARODA,Mar 2017,Financial Sector,ROCE benchmark skipped
BANKBARODA,Mar 2017,High Debt,Debt/Equity > 5
BANKBARODA,Mar 2018,Financial Sector,ROCE benchmark skipped
BANKBARODA,Mar 2018,High Debt,Debt/Equity > 5
BANKBARODA,Mar 2018,Negative ROE,ROE below zero
BANKBARODA,Mar 2019,Financial Sector,ROCE benchmark skipped
BANKBARODA,Mar 2019,High Debt,Debt/Equity > 5
BANKBARODA,Mar 2020,Financial Sector,ROCE benchmark skipped
BANKBARODA,Mar 2020,High Debt,Debt/Equity > 5
BANKBARODA,Mar 2021,Financial Sector,ROCE benchmark skipped
BANKBARODA,Mar 2021,High Debt,Debt/Equity > 5
BANKBARODA,Mar 2022,Financial Sector,ROCE benchmark skipped
BANKBARODA,Mar 2022,High Debt,Debt/Equity > 5
BANKBARODA,Mar 2023,Financial Sector,ROCE benchmark skipped
BANKBARODA,Mar 2023,High Debt,Debt/Equity > 5
BANKBARODA,Mar 2024,Financial Sector,ROCE benchmark skipped
BANKBARODA,Mar 2024,High Debt,Debt/Equity > 5
BANKBARODA,TTM,Financial Sector,ROCE benchmark skipped
BHARTIARTL,Mar 2020,Negative ROE,ROE below zero
BHARTIARTL,Mar 2021,Negative ROE,ROE below zero
BHEL,Mar 2016,Negative ROE,ROE below zero
BHEL,Mar 2020,Negative ROE,ROE below zero
BHEL,Mar 2021,Negative ROE,ROE below zero
CANBK,Mar 2013,Financial Sector,ROCE benchmark skipped
CANBK,Mar 2013,High Debt,Debt/Equity > 5
CANBK,Mar 2014,Financial Sector,ROCE benchmark skipped
CANBK,Mar 2014,High Debt,Debt/Equity > 5
CANBK,Mar 2015,Financial Sector,ROCE benchmark skipped
CANBK,Mar 2015,High Debt,Debt/Equity > 5
CANBK,Mar 2016,Financial Sector,ROCE benchmark skipped
CANBK,Mar 2016,High Debt,Debt/Equity > 5
CANBK,Mar 2016,Negative ROE,ROE below zero
CANBK,Mar 2017,Financial Sector,ROCE benchmark skipped
CANBK,Mar 2017,High Debt,Debt/Equity > 5
CANBK,Mar 2018,Financial Sector,ROCE benchmark skipped
CANBK,Mar 2018,High Debt,Debt/Equity > 5
CANBK,Mar 2018,Negative ROE,ROE below zero
CANBK,Mar 2019,Financial Sector,ROCE benchmark skipped
CANBK,Mar 2019,High Debt,Debt/Equity > 5
CANBK,Mar 2020,Financial Sector,ROCE benchmark skipped
CANBK,Mar 2020,High Debt,Debt/Equity > 5
CANBK,Mar 2020,Negative ROE,ROE below zero
CANBK,Mar 2021,Financial Sector,ROCE benchmark skipped
CANBK,Mar 2021,High Debt,Debt/Equity > 5
CANBK,Mar 2022,Financial Sector,ROCE benchmark skipped
CANBK,Mar 2022,High Debt,Debt/Equity > 5
CANBK,Mar 2023,Financial Sector,ROCE benchmark skipped
CANBK,Mar 2023,High Debt,Debt/Equity > 5
CANBK,Mar 2024,Financial Sector,ROCE benchmark skipped
CANBK,Mar 2024,High Debt,Debt/Equity > 5
CANBK,TTM,Financial Sector,ROCE benchmark skipped
CHOLAFIN,Mar 2013,Financial Sector,ROCE benchmark skipped
CHOLAFIN,Mar 2013,High Debt,Debt/Equity > 5
CHOLAFIN,Mar 2014,Financial Sector,ROCE benchmark skipped
CHOLAFIN,Mar 2014,High Debt,Debt/Equity > 5
CHOLAFIN,Mar 2015,Financial Sector,ROCE benchmark skipped
CHOLAFIN,Mar 2015,High Debt,Debt/Equity > 5
CHOLAFIN,Mar 2016,Financial Sector,ROCE benchmark skipped
CHOLAFIN,Mar 2016,High Debt,Debt/Equity > 5
CHOLAFIN,Mar 2017,Financial Sector,ROCE benchmark skipped
CHOLAFIN,Mar 2017,High Debt,Debt/Equity > 5
CHOLAFIN,Mar 2018,Financial Sector,ROCE benchmark skipped
CHOLAFIN,Mar 2018,High Debt,Debt/Equity > 5
CHOLAFIN,Mar 2019,Financial Sector,ROCE benchmark skipped
CHOLAFIN,Mar 2019,High Debt,Debt/Equity > 5
CHOLAFIN,Mar 2020,Financial Sector,ROCE benchmark skipped
CHOLAFIN,Mar 2020,High Debt,Debt/Equity > 5
CHOLAFIN,Mar 2021,Financial Sector,ROCE benchmark skipped
CHOLAFIN,Mar 2021,High Debt,Debt/Equity > 5
CHOLAFIN,Mar 2022,Financial Sector,ROCE benchmark skipped
CHOLAFIN,Mar 2022,High Debt,Debt/Equity > 5
CHOLAFIN,Mar 2023,Financial Sector,ROCE benchmark skipped
CHOLAFIN,Mar 2023,High Debt,Debt/Equity > 5
CHOLAFIN,Mar 2024,Financial Sector,ROCE benchmark skipped
CHOLAFIN,Mar 2024,High Debt,Debt/Equity > 5
CHOLAFIN,TTM,Financial Sector,ROCE benchmark skipped
DLF,Mar 2020,Negative ROE,ROE below zero
GODREJCP,Mar 2024,Negative ROE,ROE below zero
HDFCBANK,Mar 2013,Financial Sector,ROCE benchmark skipped
HDFCBANK,Mar 2013,High Debt,Debt/Equity > 5
HDFCBANK,Mar 2014,Financial Sector,ROCE benchmark skipped
HDFCBANK,Mar 2014,High Debt,Debt/Equity > 5
HDFCBANK,Mar 2015,Financial Sector,ROCE benchmark skipped
HDFCBANK,Mar 2015,High Debt,Debt/Equity > 5
HDFCBANK,Mar 2016,Financial Sector,ROCE benchmark skipped
HDFCBANK,Mar 2016,High Debt,Debt/Equity > 5
HDFCBANK,Mar 2017,Financial Sector,ROCE benchmark skipped
HDFCBANK,Mar 2017,High Debt,Debt/Equity > 5
HDFCBANK,Mar 2018,Financial Sector,ROCE benchmark skipped
HDFCBANK,Mar 2018,High Debt,Debt/Equity > 5
HDFCBANK,Mar 2019,Financial Sector,ROCE benchmark skipped
HDFCBANK,Mar 2019,High Debt,Debt/Equity > 5
HDFCBANK,Mar 2020,Financial Sector,ROCE benchmark skipped
HDFCBANK,Mar 2020,High Debt,Debt/Equity > 5
HDFCBANK,Mar 2021,Financial Sector,ROCE benchmark skipped
HDFCBANK,Mar 2021,High Debt,Debt/Equity > 5
HDFCBANK,Mar 2022,Financial Sector,ROCE benchmark skipped
HDFCBANK,Mar 2022,High Debt,Debt/Equity > 5
HDFCBANK,Mar 2023,Financial Sector,ROCE benchmark skipped
HDFCBANK,Mar 2023,High Debt,Debt/Equity > 5
HDFCBANK,Mar 2024,Financial Sector,ROCE benchmark skipped
HDFCBANK,Mar 2024,High Debt,Debt/Equity > 5
HDFCBANK,TTM,Financial Sector,ROCE benchmark skipped
HDFCLIFE,Mar 2013,Financial Sector,ROCE benchmark skipped
HDFCLIFE,Mar 2014,Financial Sector,ROCE benchmark skipped
HDFCLIFE,Mar 2015,Financial Sector,ROCE benchmark skipped
HDFCLIFE,Mar 2016,Financial Sector,ROCE benchmark skipped
HDFCLIFE,Mar 2017,Financial Sector,ROCE benchmark skipped
HDFCLIFE,Mar 2018,Financial Sector,ROCE benchmark skipped
HDFCLIFE,Mar 2019,Financial Sector,ROCE benchmark skipped
HDFCLIFE,Mar 2020,Financial Sector,ROCE benchmark skipped
HDFCLIFE,Mar 2021,Financial Sector,ROCE benchmark skipped
HDFCLIFE,Mar 2022,Financial Sector,ROCE benchmark skipped
HDFCLIFE,Mar 2023,Financial Sector,ROCE benchmark skipped
HDFCLIFE,Mar 2024,Financial Sector,ROCE benchmark skipped
HDFCLIFE,TTM,Financial Sector,ROCE benchmark skipped
HINDALCO,Mar 2016,Negative ROE,ROE below zero
ICICIBANK,Mar 2013,Financial Sector,ROCE benchmark skipped
ICICIBANK,Mar 2013,High Debt,Debt/Equity > 5
ICICIBANK,Mar 2014,Financial Sector,ROCE benchmark skipped
ICICIBANK,Mar 2014,High Debt,Debt/Equity > 5
ICICIBANK,Mar 2015,Financial Sector,ROCE benchmark skipped
ICICIBANK,Mar 2015,High Debt,Debt/Equity > 5
ICICIBANK,Mar 2016,Financial Sector,ROCE benchmark skipped
ICICIBANK,Mar 2016,High Debt,Debt/Equity > 5
ICICIBANK,Mar 2017,Financial Sector,ROCE benchmark skipped
ICICIBANK,Mar 2017,High Debt,Debt/Equity > 5
ICICIBANK,Mar 2018,Financial Sector,ROCE benchmark skipped
ICICIBANK,Mar 2018,High Debt,Debt/Equity > 5
ICICIBANK,Mar 2019,Financial Sector,ROCE benchmark skipped
ICICIBANK,Mar 2019,High Debt,Debt/Equity > 5
ICICIBANK,Mar 2020,Financial Sector,ROCE benchmark skipped
ICICIBANK,Mar 2020,High Debt,Debt/Equity > 5
ICICIBANK,Mar 2021,Financial Sector,ROCE benchmark skipped
ICICIBANK,Mar 2021,High Debt,Debt/Equity > 5
ICICIBANK,Mar 2022,Financial Sector,ROCE benchmark skipped
ICICIBANK,Mar 2022,High Debt,Debt/Equity > 5
ICICIBANK,Mar 2023,Financial Sector,ROCE benchmark skipped
ICICIBANK,Mar 2023,High Debt,Debt/Equity > 5
ICICIBANK,Mar 2024,Financial Sector,ROCE benchmark skipped
ICICIBANK,Mar 2024,High Debt,Debt/Equity > 5
ICICIBANK,TTM,Financial Sector,ROCE benchmark skipped
ICICIGI,Mar 2013,Financial Sector,ROCE benchmark skipped
ICICIGI,Mar 2014,Financial Sector,ROCE benchmark skipped
ICICIGI,Mar 2015,Financial Sector,ROCE benchmark skipped
ICICIGI,Mar 2016,Financial Sector,ROCE benchmark skipped
ICICIGI,Mar 2017,Financial Sector,ROCE benchmark skipped
ICICIGI,Mar 2018,Financial Sector,ROCE benchmark skipped
ICICIGI,Mar 2019,Financial Sector,ROCE benchmark skipped
ICICIGI,Mar 2020,Financial Sector,ROCE benchmark skipped
ICICIGI,Mar 2021,Financial Sector,ROCE benchmark skipped
ICICIGI,Mar 2022,Financial Sector,ROCE benchmark skipped
ICICIGI,Mar 2023,Financial Sector,ROCE benchmark skipped
ICICIGI,Mar 2024,Financial Sector,ROCE benchmark skipped
ICICIGI,TTM,Financial Sector,ROCE benchmark skipped
ICICIPRULI,Mar 2013,Financial Sector,ROCE benchmark skipped
ICICIPRULI,Mar 2014,Financial Sector,ROCE benchmark skipped
ICICIPRULI,Mar 2015,Financial Sector,ROCE benchmark skipped
ICICIPRULI,Mar 2016,Financial Sector,ROCE benchmark skipped
ICICIPRULI,Mar 2017,Financial Sector,ROCE benchmark skipped
ICICIPRULI,Mar 2018,Financial Sector,ROCE benchmark skipped
ICICIPRULI,Mar 2019,Financial Sector,ROCE benchmark skipped
ICICIPRULI,Mar 2020,Financial Sector,ROCE benchmark skipped
ICICIPRULI,Mar 2021,Financial Sector,ROCE benchmark skipped
ICICIPRULI,Mar 2022,Financial Sector,ROCE benchmark skipped
ICICIPRULI,Mar 2023,Financial Sector,ROCE benchmark skipped
ICICIPRULI,Mar 2024,Financial Sector,ROCE benchmark skipped
ICICIPRULI,TTM,Financial Sector,ROCE benchmark skipped
INDUSINDBK,Mar 2013,Financial Sector,ROCE benchmark skipped
INDUSINDBK,Mar 2013,High Debt,Debt/Equity > 5
INDUSINDBK,Mar 2014,Financial Sector,ROCE benchmark skipped
INDUSINDBK,Mar 2014,High Debt,Debt/Equity > 5
INDUSINDBK,Mar 2015,Financial Sector,ROCE benchmark skipped
INDUSINDBK,Mar 2015,High Debt,Debt/Equity > 5
INDUSINDBK,Mar 2016,Financial Sector,ROCE benchmark skipped
INDUSINDBK,Mar 2016,High Debt,Debt/Equity > 5
INDUSINDBK,Mar 2017,Financial Sector,ROCE benchmark skipped
INDUSINDBK,Mar 2017,High Debt,Debt/Equity > 5
INDUSINDBK,Mar 2018,Financial Sector,ROCE benchmark skipped
INDUSINDBK,Mar 2018,High Debt,Debt/Equity > 5
INDUSINDBK,Mar 2019,Financial Sector,ROCE benchmark skipped
INDUSINDBK,Mar 2019,High Debt,Debt/Equity > 5
INDUSINDBK,Mar 2020,Financial Sector,ROCE benchmark skipped
INDUSINDBK,Mar 2020,High Debt,Debt/Equity > 5
INDUSINDBK,Mar 2021,Financial Sector,ROCE benchmark skipped
INDUSINDBK,Mar 2021,High Debt,Debt/Equity > 5
INDUSINDBK,Mar 2022,Financial Sector,ROCE benchmark skipped
INDUSINDBK,Mar 2022,High Debt,Debt/Equity > 5
INDUSINDBK,Mar 2023,Financial Sector,ROCE benchmark skipped
INDUSINDBK,Mar 2023,High Debt,Debt/Equity > 5
INDUSINDBK,Mar 2024,Financial Sector,ROCE benchmark skipped
INDUSINDBK,Mar 2024,High Debt,Debt/Equity > 5
INDUSINDBK,TTM,Financial Sector,ROCE benchmark skipped
IOC,Mar 2020,Negative ROE,ROE below zero
IRFC,Mar 2013,Financial Sector,ROCE benchmark skipped
IRFC,Mar 2013,High Debt,Debt/Equity > 5
IRFC,Mar 2014,Financial Sector,ROCE benchmark skipped
IRFC,Mar 2014,High Debt,Debt/Equity > 5
IRFC,Mar 2015,Financial Sector,ROCE benchmark skipped
IRFC,Mar 2015,High Debt,Debt/Equity > 5
IRFC,Mar 2016,Financial Sector,ROCE benchmark skipped
IRFC,Mar 2016,High Debt,Debt/Equity > 5
IRFC,Mar 2017,Financial Sector,ROCE benchmark skipped
IRFC,Mar 2017,High Debt,Debt/Equity > 5
IRFC,Mar 2018,Financial Sector,ROCE benchmark skipped
IRFC,Mar 2018,High Debt,Debt/Equity > 5
IRFC,Mar 2019,Financial Sector,ROCE benchmark skipped
IRFC,Mar 2019,High Debt,Debt/Equity > 5
IRFC,Mar 2020,Financial Sector,ROCE benchmark skipped
IRFC,Mar 2020,High Debt,Debt/Equity > 5
IRFC,Mar 2021,Financial Sector,ROCE benchmark skipped
IRFC,Mar 2021,High Debt,Debt/Equity > 5
IRFC,Mar 2022,Financial Sector,ROCE benchmark skipped
IRFC,Mar 2022,High Debt,Debt/Equity > 5
IRFC,Mar 2023,Financial Sector,ROCE benchmark skipped
IRFC,Mar 2023,High Debt,Debt/Equity > 5
IRFC,Mar 2024,Financial Sector,ROCE benchmark skipped
IRFC,Mar 2024,High Debt,Debt/Equity > 5
IRFC,TTM,Financial Sector,ROCE benchmark skipped
JINDALSTEL,Mar 2015,Negative ROE,ROE below zero
JINDALSTEL,Mar 2016,Negative ROE,ROE below zero
JINDALSTEL,Mar 2017,Negative ROE,ROE below zero
JINDALSTEL,Mar 2018,Negative ROE,ROE below zero
JINDALSTEL,Mar 2019,Negative ROE,ROE below zero
JINDALSTEL,Mar 2020,Negative ROE,ROE below zero
JIOFIN,Mar 2023,Financial Sector,ROCE benchmark skipped
JIOFIN,Mar 2024,Financial Sector,ROCE benchmark skipped
JIOFIN,TTM,Financial Sector,ROCE benchmark skipped
JSWSTEEL,Mar 2016,Negative ROE,ROE below zero
KOTAKBANK,Mar 2013,Financial Sector,ROCE benchmark skipped
KOTAKBANK,Mar 2013,High Debt,Debt/Equity > 5
KOTAKBANK,Mar 2014,Financial Sector,ROCE benchmark skipped
KOTAKBANK,Mar 2015,Financial Sector,ROCE benchmark skipped
KOTAKBANK,Mar 2016,Financial Sector,ROCE benchmark skipped
KOTAKBANK,Mar 2016,High Debt,Debt/Equity > 5
KOTAKBANK,Mar 2017,Financial Sector,ROCE benchmark skipped
KOTAKBANK,Mar 2017,High Debt,Debt/Equity > 5
KOTAKBANK,Mar 2018,Financial Sector,ROCE benchmark skipped
KOTAKBANK,Mar 2019,Financial Sector,ROCE benchmark skipped
KOTAKBANK,Mar 2019,High Debt,Debt/Equity > 5
KOTAKBANK,Mar 2020,Financial Sector,ROCE benchmark skipped
KOTAKBANK,Mar 2021,Financial Sector,ROCE benchmark skipped
KOTAKBANK,Mar 2022,Financial Sector,ROCE benchmark skipped
KOTAKBANK,Mar 2023,Financial Sector,ROCE benchmark skipped
KOTAKBANK,Mar 2024,Financial Sector,ROCE benchmark skipped
KOTAKBANK,TTM,Financial Sector,ROCE benchmark skipped
LICI,Mar 2019,Financial Sector,ROCE benchmark skipped
LICI,Mar 2019,High Debt,Debt/Equity > 5
LICI,Mar 2020,Financial Sector,ROCE benchmark skipped
LICI,Mar 2020,High Debt,Debt/Equity > 5
LICI,Mar 2021,Financial Sector,ROCE benchmark skipped
LICI,Mar 2022,Financial Sector,ROCE benchmark skipped
LICI,Mar 2023,Financial Sector,ROCE benchmark skipped
LICI,Mar 2024,Financial Sector,ROCE benchmark skipped
LICI,TTM,Financial Sector,ROCE benchmark skipped
LODHA,Mar 2011,High Debt,Debt/Equity > 5
LODHA,Mar 2019,High Debt,Debt/Equity > 5
M&M,Mar 2020,Negative ROE,ROE below zero
NAUKRI,Mar 2015,Negative ROE,ROE below zero
NAUKRI,Mar 2017,Negative ROE,ROE below zero
NAUKRI,Mar 2020,Negative ROE,ROE below zero
NAUKRI,Mar 2023,Negative ROE,ROE below zero
PFC,Mar 2013,Financial Sector,ROCE benchmark skipped
PFC,Mar 2013,High Debt,Debt/Equity > 5
PFC,Mar 2014,Financial Sector,ROCE benchmark skipped
PFC,Mar 2014,High Debt,Debt/Equity > 5
PFC,Mar 2015,Financial Sector,ROCE benchmark skipped
PFC,Mar 2015,High Debt,Debt/Equity > 5
PFC,Mar 2016,Financial Sector,ROCE benchmark skipped
PFC,Mar 2016,High Debt,Debt/Equity > 5
PFC,Mar 2017,Financial Sector,ROCE benchmark skipped
PFC,Mar 2017,High Debt,Debt/Equity > 5
PFC,Mar 2018,Financial Sector,ROCE benchmark skipped
PFC,Mar 2018,High Debt,Debt/Equity > 5
PFC,Mar 2019,Financial Sector,ROCE benchmark skipped
PFC,Mar 2019,High Debt,Debt/Equity > 5
PFC,Mar 2020,Financial Sector,ROCE benchmark skipped
PFC,Mar 2020,High Debt,Debt/Equity > 5
PFC,Mar 2021,Financial Sector,ROCE benchmark skipped
PFC,Mar 2021,High Debt,Debt/Equity > 5
PFC,Mar 2022,Financial Sector,ROCE benchmark skipped
PFC,Mar 2022,High Debt,Debt/Equity > 5
PFC,Mar 2023,Financial Sector,ROCE benchmark skipped
PFC,Mar 2023,High Debt,Debt/Equity > 5
PFC,Mar 2024,Financial Sector,ROCE benchmark skipped
PFC,Mar 2024,High Debt,Debt/Equity > 5
PFC,TTM,Financial Sector,ROCE benchmark skipped
PNB,Mar 2013,Financial Sector,ROCE benchmark skipped
PNB,Mar 2013,High Debt,Debt/Equity > 5
PNB,Mar 2014,Financial Sector,ROCE benchmark skipped
PNB,Mar 2014,High Debt,Debt/Equity > 5
PNB,Mar 2015,Financial Sector,ROCE benchmark skipped
PNB,Mar 2015,High Debt,Debt/Equity > 5
PNB,Mar 2016,Financial Sector,ROCE benchmark skipped
PNB,Mar 2016,High Debt,Debt/Equity > 5
PNB,Mar 2016,Negative ROE,ROE below zero
PNB,Mar 2017,Financial Sector,ROCE benchmark skipped
PNB,Mar 2017,High Debt,Debt/Equity > 5
PNB,Mar 2018,Financial Sector,ROCE benchmark skipped
PNB,Mar 2018,High Debt,Debt/Equity > 5
PNB,Mar 2018,Negative ROE,ROE below zero
PNB,Mar 2019,Financial Sector,ROCE benchmark skipped
PNB,Mar 2019,High Debt,Debt/Equity > 5
PNB,Mar 2019,Negative ROE,ROE below zero
PNB,Mar 2020,Financial Sector,ROCE benchmark skipped
PNB,Mar 2020,High Debt,Debt/Equity > 5
PNB,Mar 2021,Financial Sector,ROCE benchmark skipped
PNB,Mar 2021,High Debt,Debt/Equity > 5
PNB,Mar 2022,Financial Sector,ROCE benchmark skipped
PNB,Mar 2022,High Debt,Debt/Equity > 5
PNB,Mar 2023,Financial Sector,ROCE benchmark skipped
PNB,Mar 2024,Financial Sector,ROCE benchmark skipped
PNB,TTM,Financial Sector,ROCE benchmark skipped
RECLTD,Mar 2013,Financial Sector,ROCE benchmark skipped
RECLTD,Mar 2013,High Debt,Debt/Equity > 5
RECLTD,Mar 2014,Financial Sector,ROCE benchmark skipped
RECLTD,Mar 2014,High Debt,Debt/Equity > 5
RECLTD,Mar 2015,Financial Sector,ROCE benchmark skipped
RECLTD,Mar 2015,High Debt,Debt/Equity > 5
RECLTD,Mar 2016,Financial Sector,ROCE benchmark skipped
RECLTD,Mar 2016,High Debt,Debt/Equity > 5
RECLTD,Mar 2017,Financial Sector,ROCE benchmark skipped
RECLTD,Mar 2018,Financial Sector,ROCE benchmark skipped
RECLTD,Mar 2018,High Debt,Debt/Equity > 5
RECLTD,Mar 2019,Financial Sector,ROCE benchmark skipped
RECLTD,Mar 2019,High Debt,Debt/Equity > 5
RECLTD,Mar 2020,Financial Sector,ROCE benchmark skipped
RECLTD,Mar 2020,High Debt,Debt/Equity > 5
RECLTD,Mar 2021,Financial Sector,ROCE benchmark skipped
RECLTD,Mar 2021,High Debt,Debt/Equity > 5
RECLTD,Mar 2022,Financial Sector,ROCE benchmark skipped
RECLTD,Mar 2022,High Debt,Debt/Equity > 5
RECLTD,Mar 2023,Financial Sector,ROCE benchmark skipped
RECLTD,Mar 2023,High Debt,Debt/Equity > 5
RECLTD,Mar 2024,Financial Sector,ROCE benchmark skipped
RECLTD,Mar 2024,High Debt,Debt/Equity > 5
RECLTD,TTM,Financial Sector,ROCE benchmark skipped
SBILIFE,Mar 2013,Financial Sector,ROCE benchmark skipped
SBILIFE,Mar 2014,Financial Sector,ROCE benchmark skipped
SBILIFE,Mar 2015,Financial Sector,ROCE benchmark skipped
SBILIFE,Mar 2016,Financial Sector,ROCE benchmark skipped
SBILIFE,Mar 2017,Financial Sector,ROCE benchmark skipped
SBILIFE,Mar 2018,Financial Sector,ROCE benchmark skipped
SBILIFE,Mar 2019,Financial Sector,ROCE benchmark skipped
SBILIFE,Mar 2020,Financial Sector,ROCE benchmark skipped
SBILIFE,Mar 2021,Financial Sector,ROCE benchmark skipped
SBILIFE,Mar 2022,Financial Sector,ROCE benchmark skipped
SBILIFE,Mar 2023,Financial Sector,ROCE benchmark skipped
SBILIFE,Mar 2024,Financial Sector,ROCE benchmark skipped
SBILIFE,TTM,Financial Sector,ROCE benchmark skipped
SBIN,Mar 2013,Financial Sector,ROCE benchmark skipped
SBIN,Mar 2014,Financial Sector,ROCE benchmark skipped
SBIN,Mar 2015,Financial Sector,ROCE benchmark skipped
SBIN,Mar 2016,Financial Sector,ROCE benchmark skipped
SBIN,Mar 2017,Financial Sector,ROCE benchmark skipped
SBIN,Mar 2018,Financial Sector,ROCE benchmark skipped
SBIN,Mar 2019,Financial Sector,ROCE benchmark skipped
SBIN,Mar 2020,Financial Sector,ROCE benchmark skipped
SBIN,Mar 2021,Financial Sector,ROCE benchmark skipped
SBIN,Mar 2022,Financial Sector,ROCE benchmark skipped
SBIN,Mar 2023,Financial Sector,ROCE benchmark skipped
SBIN,Mar 2024,Financial Sector,ROCE benchmark skipped
SBIN,TTM,Financial Sector,ROCE benchmark skipped
SHRIRAMFIN,Mar 2013,Financial Sector,ROCE benchmark skipped
SHRIRAMFIN,Mar 2014,Financial Sector,ROCE benchmark skipped
SHRIRAMFIN,Mar 2015,Financial Sector,ROCE benchmark skipped
SHRIRAMFIN,Mar 2015,High Debt,Debt/Equity > 5
SHRIRAMFIN,Mar 2016,Financial Sector,ROCE benchmark skipped
SHRIRAMFIN,Mar 2017,Financial Sector,ROCE benchmark skipped
SHRIRAMFIN,Mar 2018,Financial Sector,ROCE benchmark skipped
SHRIRAMFIN,Mar 2018,High Debt,Debt/Equity > 5
SHRIRAMFIN,Mar 2019,Financial Sector,ROCE benchmark skipped
SHRIRAMFIN,Mar 2019,High Debt,Debt/Equity > 5
SHRIRAMFIN,Mar 2020,Financial Sector,ROCE benchmark skipped
SHRIRAMFIN,Mar 2020,High Debt,Debt/Equity > 5
SHRIRAMFIN,Mar 2021,Financial Sector,ROCE benchmark skipped
SHRIRAMFIN,Mar 2022,Financial Sector,ROCE benchmark skipped
SHRIRAMFIN,Mar 2023,Financial Sector,ROCE benchmark skipped
SHRIRAMFIN,Mar 2024,Financial Sector,ROCE benchmark skipped
SHRIRAMFIN,TTM,Financial Sector,ROCE benchmark skipped
TATACONSUM,Mar 2016,Negative ROE,ROE below zero
TATAMOTORS,Mar 2019,Negative ROE,ROE below zero
TATAMOTORS,Mar 2020,Negative ROE,ROE below zero
TATAMOTORS,Mar 2021,Negative ROE,ROE below zero
TATAMOTORS,Mar 2022,Negative ROE,ROE below zero
TATASTEEL,Mar 2013,Negative ROE,ROE below zero
TATASTEEL,Mar 2015,Negative ROE,ROE below zero
TATASTEEL,Mar 2016,Negative ROE,ROE below zero
TATASTEEL,Mar 2017,Negative ROE,ROE below zero
TATASTEEL,Mar 2024,Negative ROE,ROE below zero
TRENT,Mar 2013,Negative ROE,ROE below zero
TRENT,Mar 2014,Negative ROE,ROE below zero
TRENT,Mar 2021,Negative ROE,ROE below zero
UNIONBANK,Mar 2013,High Debt,Debt/Equity > 5
UNIONBANK,Mar 2014,High Debt,Debt/Equity > 5
UNIONBANK,Mar 2015,High Debt,Debt/Equity > 5
UNIONBANK,Mar 2016,High Debt,Debt/Equity > 5
UNIONBANK,Mar 2017,High Debt,Debt/Equity > 5
UNIONBANK,Mar 2018,High Debt,Debt/Equity > 5
UNIONBANK,Mar 2018,Negative ROE,ROE below zero
UNIONBANK,Mar 2019,High Debt,Debt/Equity > 5
UNIONBANK,Mar 2019,Negative ROE,ROE below zero
UNIONBANK,Mar 2020,High Debt,Debt/Equity > 5
UNIONBANK,Mar 2020,Negative ROE,ROE below zero
UNIONBANK,Mar 2021,High Debt,Debt/Equity > 5
UNIONBANK,Mar 2022,High Debt,Debt/Equity > 5
UNIONBANK,Mar 2023,High Debt,Debt/Equity > 5
UNIONBANK,Mar 2024,High Debt,Debt/Equity > 5
INDIGO,Mar 2020,Negative ROE,ROE below zero
INDIGO,Mar 2021,Negative ROE,ROE below zero
INDIGO,Mar 2022,Negative ROE,ROE below zero
INDIGO,Mar 2023,Negative ROE,ROE below zero
